WARNING - 2024-11-14 09:18:50 --> [DEPRECATED] Required parameter $extra_data follows optional parameter $page in APPPATH\Controllers\Render.php on line 7.
 1 SYSTEMPATH\Autoloader\Autoloader.php(306): include_once()
 2 SYSTEMPATH\Autoloader\Autoloader.php(285): CodeIgniter\Autoloader\Autoloader->includeFile('C:\\Users\\gal.attila.peter\\Desktop\\pcparts\\project-root\\app\\Controllers\\Render.php')
 3 SYSTEMPATH\Autoloader\Autoloader.php(263): CodeIgniter\Autoloader\Autoloader->loadInNamespace('App\\Controllers\\Render')
 4 [internal function]: CodeIgniter\Autoloader\Autoloader->loadClass('App\\Controllers\\Render')
 5 SYSTEMPATH\CodeIgniter.php(873): class_exists('\\App\\Controllers\\Render', true)
 6 SYSTEMPATH\CodeIgniter.php(479): CodeIgniter\CodeIgniter->startController()
 7 SYSTEMPATH\CodeIgniter.php(353): CodeIgniter\CodeIgniter->handleRequest(null, Object(Config\Cache), false)
 8 FCPATH\index.php(79): CodeIgniter\CodeIgniter->run()
WARNING - 2024-11-14 09:18:59 --> [DEPRECATED] Required parameter $extra_data follows optional parameter $page in APPPATH\Controllers\Render.php on line 7.
 1 SYSTEMPATH\Autoloader\Autoloader.php(306): include_once()
 2 SYSTEMPATH\Autoloader\Autoloader.php(285): CodeIgniter\Autoloader\Autoloader->includeFile('C:\\Users\\gal.attila.peter\\Desktop\\pcparts\\project-root\\app\\Controllers\\Render.php')
 3 SYSTEMPATH\Autoloader\Autoloader.php(263): CodeIgniter\Autoloader\Autoloader->loadInNamespace('App\\Controllers\\Render')
 4 [internal function]: CodeIgniter\Autoloader\Autoloader->loadClass('App\\Controllers\\Render')
 5 SYSTEMPATH\CodeIgniter.php(873): class_exists('\\App\\Controllers\\Render', true)
 6 SYSTEMPATH\CodeIgniter.php(479): CodeIgniter\CodeIgniter->startController()
 7 SYSTEMPATH\CodeIgniter.php(353): CodeIgniter\CodeIgniter->handleRequest(null, Object(Config\Cache), false)
 8 FCPATH\index.php(79): CodeIgniter\CodeIgniter->run()
CRITICAL - 2024-11-14 09:18:59 --> Too few arguments to function App\Controllers\Render::home(), 0 passed in C:\Users\gal.attila.peter\Desktop\pcparts\project-root\system\CodeIgniter.php on line 915 and exactly 2 expected
in APPPATH\Controllers\Render.php on line 0.
 1 SYSTEMPATH\CodeIgniter.php(915): App\Controllers\Render->home()
 2 SYSTEMPATH\CodeIgniter.php(492): CodeIgniter\CodeIgniter->runController(Object(App\Controllers\Render))
 3 SYSTEMPATH\CodeIgniter.php(353): CodeIgniter\CodeIgniter->handleRequest(null, Object(Config\Cache), false)
 4 FCPATH\index.php(79): CodeIgniter\CodeIgniter->run()
CRITICAL - 2024-11-14 09:26:50 --> syntax error, unexpected token "endfor", expecting "elseif" or "else" or "endif"
in APPPATH\Views\templates\head.php on line 11.
 1 SYSTEMPATH\View\View.php(229): CodeIgniter\View\View->CodeIgniter\View\{closure}()
 2 SYSTEMPATH\Common.php(1178): CodeIgniter\View\View->render('templates/head', [], true)
 3 APPPATH\Controllers\Render.php(15): view('templates/head', [...])
 4 SYSTEMPATH\CodeIgniter.php(915): App\Controllers\Render->home()
 5 SYSTEMPATH\CodeIgniter.php(492): CodeIgniter\CodeIgniter->runController(Object(App\Controllers\Render))
 6 SYSTEMPATH\CodeIgniter.php(353): CodeIgniter\CodeIgniter->handleRequest(null, Object(Config\Cache), false)
 7 FCPATH\index.php(79): CodeIgniter\CodeIgniter->run()
CRITICAL - 2024-11-14 09:26:50 --> syntax error, unexpected token "endfor", expecting "elseif" or "else" or "endif"
in APPPATH\Views\templates\head.php on line 11.
 1 SYSTEMPATH\View\View.php(229): CodeIgniter\View\View->CodeIgniter\View\{closure}()
 2 SYSTEMPATH\Common.php(1178): CodeIgniter\View\View->render('templates/head', [], true)
 3 APPPATH\Controllers\Render.php(15): view('templates/head', [...])
 4 SYSTEMPATH\CodeIgniter.php(915): App\Controllers\Render->home()
 5 SYSTEMPATH\CodeIgniter.php(492): CodeIgniter\CodeIgniter->runController(Object(App\Controllers\Render))
 6 SYSTEMPATH\CodeIgniter.php(353): CodeIgniter\CodeIgniter->handleRequest(null, Object(Config\Cache), false)
 7 FCPATH\index.php(79): CodeIgniter\CodeIgniter->run()
CRITICAL - 2024-11-14 09:27:09 --> syntax error, unexpected end of file, expecting "elseif" or "else" or "endif"
in APPPATH\Views\templates\head.php on line 14.
 1 SYSTEMPATH\View\View.php(229): CodeIgniter\View\View->CodeIgniter\View\{closure}()
 2 SYSTEMPATH\Common.php(1178): CodeIgniter\View\View->render('templates/head', [], true)
 3 APPPATH\Controllers\Render.php(15): view('templates/head', [...])
 4 SYSTEMPATH\CodeIgniter.php(915): App\Controllers\Render->home()
 5 SYSTEMPATH\CodeIgniter.php(492): CodeIgniter\CodeIgniter->runController(Object(App\Controllers\Render))
 6 SYSTEMPATH\CodeIgniter.php(353): CodeIgniter\CodeIgniter->handleRequest(null, Object(Config\Cache), false)
 7 FCPATH\index.php(79): CodeIgniter\CodeIgniter->run()
CRITICAL - 2024-11-14 09:27:26 --> syntax error, unexpected end of file, expecting "elseif" or "else" or "endif"
in APPPATH\Views\templates\head.php on line 15.
 1 SYSTEMPATH\View\View.php(229): CodeIgniter\View\View->CodeIgniter\View\{closure}()
 2 SYSTEMPATH\Common.php(1178): CodeIgniter\View\View->render('templates/head', [], true)
 3 APPPATH\Controllers\Render.php(15): view('templates/head', [...])
 4 SYSTEMPATH\CodeIgniter.php(915): App\Controllers\Render->home()
 5 SYSTEMPATH\CodeIgniter.php(492): CodeIgniter\CodeIgniter->runController(Object(App\Controllers\Render))
 6 SYSTEMPATH\CodeIgniter.php(353): CodeIgniter\CodeIgniter->handleRequest(null, Object(Config\Cache), false)
 7 FCPATH\index.php(79): CodeIgniter\CodeIgniter->run()
CRITICAL - 2024-11-14 09:27:27 --> syntax error, unexpected end of file, expecting "elseif" or "else" or "endif"
in APPPATH\Views\templates\head.php on line 15.
 1 SYSTEMPATH\View\View.php(229): CodeIgniter\View\View->CodeIgniter\View\{closure}()
 2 SYSTEMPATH\Common.php(1178): CodeIgniter\View\View->render('templates/head', [], true)
 3 APPPATH\Controllers\Render.php(15): view('templates/head', [...])
 4 SYSTEMPATH\CodeIgniter.php(915): App\Controllers\Render->home()
 5 SYSTEMPATH\CodeIgniter.php(492): CodeIgniter\CodeIgniter->runController(Object(App\Controllers\Render))
 6 SYSTEMPATH\CodeIgniter.php(353): CodeIgniter\CodeIgniter->handleRequest(null, Object(Config\Cache), false)
 7 FCPATH\index.php(79): CodeIgniter\CodeIgniter->run()
CRITICAL - 2024-11-14 09:27:38 --> Undefined variable $i
in APPPATH\Views\templates\head.php on line 10.
 1 APPPATH\Views\templates\head.php(10): CodeIgniter\Debug\Exceptions->errorHandler(2, 'Undefined variable $i', 'C:\\Users\\gal.attila.peter\\Desktop\\pcparts\\project-root\\app\\Views\\templates\\head.php', 10)
 2 SYSTEMPATH\View\View.php(226): include('C:\\Users\\gal.attila.peter\\Desktop\\pcparts\\project-root\\app\\Views\\templates\\head.php')
 3 SYSTEMPATH\View\View.php(229): CodeIgniter\View\View->CodeIgniter\View\{closure}()
 4 SYSTEMPATH\Common.php(1178): CodeIgniter\View\View->render('templates/head', [], true)
 5 APPPATH\Controllers\Render.php(15): view('templates/head', [...])
 6 SYSTEMPATH\CodeIgniter.php(915): App\Controllers\Render->home()
 7 SYSTEMPATH\CodeIgniter.php(492): CodeIgniter\CodeIgniter->runController(Object(App\Controllers\Render))
 8 SYSTEMPATH\CodeIgniter.php(353): CodeIgniter\CodeIgniter->handleRequest(null, Object(Config\Cache), false)
 9 FCPATH\index.php(79): CodeIgniter\CodeIgniter->run()
CRITICAL - 2024-11-14 09:29:09 --> Undefined variable $i
in APPPATH\Views\templates\head.php on line 11.
 1 APPPATH\Views\templates\head.php(11): CodeIgniter\Debug\Exceptions->errorHandler(2, 'Undefined variable $i', 'C:\\Users\\gal.attila.peter\\Desktop\\pcparts\\project-root\\app\\Views\\templates\\head.php', 11)
 2 SYSTEMPATH\View\View.php(226): include('C:\\Users\\gal.attila.peter\\Desktop\\pcparts\\project-root\\app\\Views\\templates\\head.php')
 3 SYSTEMPATH\View\View.php(229): CodeIgniter\View\View->CodeIgniter\View\{closure}()
 4 SYSTEMPATH\Common.php(1178): CodeIgniter\View\View->render('templates/head', [], true)
 5 APPPATH\Controllers\Render.php(15): view('templates/head', [...])
 6 SYSTEMPATH\CodeIgniter.php(915): App\Controllers\Render->home()
 7 SYSTEMPATH\CodeIgniter.php(492): CodeIgniter\CodeIgniter->runController(Object(App\Controllers\Render))
 8 SYSTEMPATH\CodeIgniter.php(353): CodeIgniter\CodeIgniter->handleRequest(null, Object(Config\Cache), false)
 9 FCPATH\index.php(79): CodeIgniter\CodeIgniter->run()
CRITICAL - 2024-11-14 09:29:10 --> Undefined variable $i
in APPPATH\Views\templates\head.php on line 11.
 1 APPPATH\Views\templates\head.php(11): CodeIgniter\Debug\Exceptions->errorHandler(2, 'Undefined variable $i', 'C:\\Users\\gal.attila.peter\\Desktop\\pcparts\\project-root\\app\\Views\\templates\\head.php', 11)
 2 SYSTEMPATH\View\View.php(226): include('C:\\Users\\gal.attila.peter\\Desktop\\pcparts\\project-root\\app\\Views\\templates\\head.php')
 3 SYSTEMPATH\View\View.php(229): CodeIgniter\View\View->CodeIgniter\View\{closure}()
 4 SYSTEMPATH\Common.php(1178): CodeIgniter\View\View->render('templates/head', [], true)
 5 APPPATH\Controllers\Render.php(15): view('templates/head', [...])
 6 SYSTEMPATH\CodeIgniter.php(915): App\Controllers\Render->home()
 7 SYSTEMPATH\CodeIgniter.php(492): CodeIgniter\CodeIgniter->runController(Object(App\Controllers\Render))
 8 SYSTEMPATH\CodeIgniter.php(353): CodeIgniter\CodeIgniter->handleRequest(null, Object(Config\Cache), false)
 9 FCPATH\index.php(79): CodeIgniter\CodeIgniter->run()
CRITICAL - 2024-11-14 09:29:10 --> Undefined variable $i
in APPPATH\Views\templates\head.php on line 11.
 1 APPPATH\Views\templates\head.php(11): CodeIgniter\Debug\Exceptions->errorHandler(2, 'Undefined variable $i', 'C:\\Users\\gal.attila.peter\\Desktop\\pcparts\\project-root\\app\\Views\\templates\\head.php', 11)
 2 SYSTEMPATH\View\View.php(226): include('C:\\Users\\gal.attila.peter\\Desktop\\pcparts\\project-root\\app\\Views\\templates\\head.php')
 3 SYSTEMPATH\View\View.php(229): CodeIgniter\View\View->CodeIgniter\View\{closure}()
 4 SYSTEMPATH\Common.php(1178): CodeIgniter\View\View->render('templates/head', [], true)
 5 APPPATH\Controllers\Render.php(15): view('templates/head', [...])
 6 SYSTEMPATH\CodeIgniter.php(915): App\Controllers\Render->home()
 7 SYSTEMPATH\CodeIgniter.php(492): CodeIgniter\CodeIgniter->runController(Object(App\Controllers\Render))
 8 SYSTEMPATH\CodeIgniter.php(353): CodeIgniter\CodeIgniter->handleRequest(null, Object(Config\Cache), false)
 9 FCPATH\index.php(79): CodeIgniter\CodeIgniter->run()
CRITICAL - 2024-11-14 09:29:11 --> Undefined variable $i
in APPPATH\Views\templates\head.php on line 11.
 1 APPPATH\Views\templates\head.php(11): CodeIgniter\Debug\Exceptions->errorHandler(2, 'Undefined variable $i', 'C:\\Users\\gal.attila.peter\\Desktop\\pcparts\\project-root\\app\\Views\\templates\\head.php', 11)
 2 SYSTEMPATH\View\View.php(226): include('C:\\Users\\gal.attila.peter\\Desktop\\pcparts\\project-root\\app\\Views\\templates\\head.php')
 3 SYSTEMPATH\View\View.php(229): CodeIgniter\View\View->CodeIgniter\View\{closure}()
 4 SYSTEMPATH\Common.php(1178): CodeIgniter\View\View->render('templates/head', [], true)
 5 APPPATH\Controllers\Render.php(15): view('templates/head', [...])
 6 SYSTEMPATH\CodeIgniter.php(915): App\Controllers\Render->home()
 7 SYSTEMPATH\CodeIgniter.php(492): CodeIgniter\CodeIgniter->runController(Object(App\Controllers\Render))
 8 SYSTEMPATH\CodeIgniter.php(353): CodeIgniter\CodeIgniter->handleRequest(null, Object(Config\Cache), false)
 9 FCPATH\index.php(79): CodeIgniter\CodeIgniter->run()
CRITICAL - 2024-11-14 09:29:11 --> Undefined variable $i
in APPPATH\Views\templates\head.php on line 11.
 1 APPPATH\Views\templates\head.php(11): CodeIgniter\Debug\Exceptions->errorHandler(2, 'Undefined variable $i', 'C:\\Users\\gal.attila.peter\\Desktop\\pcparts\\project-root\\app\\Views\\templates\\head.php', 11)
 2 SYSTEMPATH\View\View.php(226): include('C:\\Users\\gal.attila.peter\\Desktop\\pcparts\\project-root\\app\\Views\\templates\\head.php')
 3 SYSTEMPATH\View\View.php(229): CodeIgniter\View\View->CodeIgniter\View\{closure}()
 4 SYSTEMPATH\Common.php(1178): CodeIgniter\View\View->render('templates/head', [], true)
 5 APPPATH\Controllers\Render.php(15): view('templates/head', [...])
 6 SYSTEMPATH\CodeIgniter.php(915): App\Controllers\Render->home()
 7 SYSTEMPATH\CodeIgniter.php(492): CodeIgniter\CodeIgniter->runController(Object(App\Controllers\Render))
 8 SYSTEMPATH\CodeIgniter.php(353): CodeIgniter\CodeIgniter->handleRequest(null, Object(Config\Cache), false)
 9 FCPATH\index.php(79): CodeIgniter\CodeIgniter->run()
CRITICAL - 2024-11-14 09:29:11 --> Undefined variable $i
in APPPATH\Views\templates\head.php on line 11.
 1 APPPATH\Views\templates\head.php(11): CodeIgniter\Debug\Exceptions->errorHandler(2, 'Undefined variable $i', 'C:\\Users\\gal.attila.peter\\Desktop\\pcparts\\project-root\\app\\Views\\templates\\head.php', 11)
 2 SYSTEMPATH\View\View.php(226): include('C:\\Users\\gal.attila.peter\\Desktop\\pcparts\\project-root\\app\\Views\\templates\\head.php')
 3 SYSTEMPATH\View\View.php(229): CodeIgniter\View\View->CodeIgniter\View\{closure}()
 4 SYSTEMPATH\Common.php(1178): CodeIgniter\View\View->render('templates/head', [], true)
 5 APPPATH\Controllers\Render.php(15): view('templates/head', [...])
 6 SYSTEMPATH\CodeIgniter.php(915): App\Controllers\Render->home()
 7 SYSTEMPATH\CodeIgniter.php(492): CodeIgniter\CodeIgniter->runController(Object(App\Controllers\Render))
 8 SYSTEMPATH\CodeIgniter.php(353): CodeIgniter\CodeIgniter->handleRequest(null, Object(Config\Cache), false)
 9 FCPATH\index.php(79): CodeIgniter\CodeIgniter->run()
CRITICAL - 2024-11-14 09:29:12 --> Undefined variable $i
in APPPATH\Views\templates\head.php on line 11.
 1 APPPATH\Views\templates\head.php(11): CodeIgniter\Debug\Exceptions->errorHandler(2, 'Undefined variable $i', 'C:\\Users\\gal.attila.peter\\Desktop\\pcparts\\project-root\\app\\Views\\templates\\head.php', 11)
 2 SYSTEMPATH\View\View.php(226): include('C:\\Users\\gal.attila.peter\\Desktop\\pcparts\\project-root\\app\\Views\\templates\\head.php')
 3 SYSTEMPATH\View\View.php(229): CodeIgniter\View\View->CodeIgniter\View\{closure}()
 4 SYSTEMPATH\Common.php(1178): CodeIgniter\View\View->render('templates/head', [], true)
 5 APPPATH\Controllers\Render.php(15): view('templates/head', [...])
 6 SYSTEMPATH\CodeIgniter.php(915): App\Controllers\Render->home()
 7 SYSTEMPATH\CodeIgniter.php(492): CodeIgniter\CodeIgniter->runController(Object(App\Controllers\Render))
 8 SYSTEMPATH\CodeIgniter.php(353): CodeIgniter\CodeIgniter->handleRequest(null, Object(Config\Cache), false)
 9 FCPATH\index.php(79): CodeIgniter\CodeIgniter->run()
CRITICAL - 2024-11-14 09:30:08 --> Undefined variable $i
in APPPATH\Views\templates\head.php on line 11.
 1 APPPATH\Views\templates\head.php(11): CodeIgniter\Debug\Exceptions->errorHandler(2, 'Undefined variable $i', 'C:\\Users\\gal.attila.peter\\Desktop\\pcparts\\project-root\\app\\Views\\templates\\head.php', 11)
 2 SYSTEMPATH\View\View.php(226): include('C:\\Users\\gal.attila.peter\\Desktop\\pcparts\\project-root\\app\\Views\\templates\\head.php')
 3 SYSTEMPATH\View\View.php(229): CodeIgniter\View\View->CodeIgniter\View\{closure}()
 4 SYSTEMPATH\Common.php(1178): CodeIgniter\View\View->render('templates/head', [], true)
 5 APPPATH\Controllers\Render.php(15): view('templates/head', [...])
 6 SYSTEMPATH\CodeIgniter.php(915): App\Controllers\Render->home()
 7 SYSTEMPATH\CodeIgniter.php(492): CodeIgniter\CodeIgniter->runController(Object(App\Controllers\Render))
 8 SYSTEMPATH\CodeIgniter.php(353): CodeIgniter\CodeIgniter->handleRequest(null, Object(Config\Cache), false)
 9 FCPATH\index.php(79): CodeIgniter\CodeIgniter->run()
CRITICAL - 2024-11-14 09:30:09 --> Undefined variable $i
in APPPATH\Views\templates\head.php on line 11.
 1 APPPATH\Views\templates\head.php(11): CodeIgniter\Debug\Exceptions->errorHandler(2, 'Undefined variable $i', 'C:\\Users\\gal.attila.peter\\Desktop\\pcparts\\project-root\\app\\Views\\templates\\head.php', 11)
 2 SYSTEMPATH\View\View.php(226): include('C:\\Users\\gal.attila.peter\\Desktop\\pcparts\\project-root\\app\\Views\\templates\\head.php')
 3 SYSTEMPATH\View\View.php(229): CodeIgniter\View\View->CodeIgniter\View\{closure}()
 4 SYSTEMPATH\Common.php(1178): CodeIgniter\View\View->render('templates/head', [], true)
 5 APPPATH\Controllers\Render.php(15): view('templates/head', [...])
 6 SYSTEMPATH\CodeIgniter.php(915): App\Controllers\Render->home()
 7 SYSTEMPATH\CodeIgniter.php(492): CodeIgniter\CodeIgniter->runController(Object(App\Controllers\Render))
 8 SYSTEMPATH\CodeIgniter.php(353): CodeIgniter\CodeIgniter->handleRequest(null, Object(Config\Cache), false)
 9 FCPATH\index.php(79): CodeIgniter\CodeIgniter->run()
CRITICAL - 2024-11-14 09:30:09 --> Undefined variable $i
in APPPATH\Views\templates\head.php on line 11.
 1 APPPATH\Views\templates\head.php(11): CodeIgniter\Debug\Exceptions->errorHandler(2, 'Undefined variable $i', 'C:\\Users\\gal.attila.peter\\Desktop\\pcparts\\project-root\\app\\Views\\templates\\head.php', 11)
 2 SYSTEMPATH\View\View.php(226): include('C:\\Users\\gal.attila.peter\\Desktop\\pcparts\\project-root\\app\\Views\\templates\\head.php')
 3 SYSTEMPATH\View\View.php(229): CodeIgniter\View\View->CodeIgniter\View\{closure}()
 4 SYSTEMPATH\Common.php(1178): CodeIgniter\View\View->render('templates/head', [], true)
 5 APPPATH\Controllers\Render.php(15): view('templates/head', [...])
 6 SYSTEMPATH\CodeIgniter.php(915): App\Controllers\Render->home()
 7 SYSTEMPATH\CodeIgniter.php(492): CodeIgniter\CodeIgniter->runController(Object(App\Controllers\Render))
 8 SYSTEMPATH\CodeIgniter.php(353): CodeIgniter\CodeIgniter->handleRequest(null, Object(Config\Cache), false)
 9 FCPATH\index.php(79): CodeIgniter\CodeIgniter->run()
CRITICAL - 2024-11-14 09:30:09 --> Undefined variable $i
in APPPATH\Views\templates\head.php on line 11.
 1 APPPATH\Views\templates\head.php(11): CodeIgniter\Debug\Exceptions->errorHandler(2, 'Undefined variable $i', 'C:\\Users\\gal.attila.peter\\Desktop\\pcparts\\project-root\\app\\Views\\templates\\head.php', 11)
 2 SYSTEMPATH\View\View.php(226): include('C:\\Users\\gal.attila.peter\\Desktop\\pcparts\\project-root\\app\\Views\\templates\\head.php')
 3 SYSTEMPATH\View\View.php(229): CodeIgniter\View\View->CodeIgniter\View\{closure}()
 4 SYSTEMPATH\Common.php(1178): CodeIgniter\View\View->render('templates/head', [], true)
 5 APPPATH\Controllers\Render.php(15): view('templates/head', [...])
 6 SYSTEMPATH\CodeIgniter.php(915): App\Controllers\Render->home()
 7 SYSTEMPATH\CodeIgniter.php(492): CodeIgniter\CodeIgniter->runController(Object(App\Controllers\Render))
 8 SYSTEMPATH\CodeIgniter.php(353): CodeIgniter\CodeIgniter->handleRequest(null, Object(Config\Cache), false)
 9 FCPATH\index.php(79): CodeIgniter\CodeIgniter->run()
CRITICAL - 2024-11-14 09:30:19 --> Undefined variable $i
in APPPATH\Views\templates\head.php on line 11.
 1 APPPATH\Views\templates\head.php(11): CodeIgniter\Debug\Exceptions->errorHandler(2, 'Undefined variable $i', 'C:\\Users\\gal.attila.peter\\Desktop\\pcparts\\project-root\\app\\Views\\templates\\head.php', 11)
 2 SYSTEMPATH\View\View.php(226): include('C:\\Users\\gal.attila.peter\\Desktop\\pcparts\\project-root\\app\\Views\\templates\\head.php')
 3 SYSTEMPATH\View\View.php(229): CodeIgniter\View\View->CodeIgniter\View\{closure}()
 4 SYSTEMPATH\Common.php(1178): CodeIgniter\View\View->render('templates/head', [], true)
 5 APPPATH\Controllers\Render.php(15): view('templates/head', [...])
 6 SYSTEMPATH\CodeIgniter.php(915): App\Controllers\Render->home()
 7 SYSTEMPATH\CodeIgniter.php(492): CodeIgniter\CodeIgniter->runController(Object(App\Controllers\Render))
 8 SYSTEMPATH\CodeIgniter.php(353): CodeIgniter\CodeIgniter->handleRequest(null, Object(Config\Cache), false)
 9 FCPATH\index.php(79): CodeIgniter\CodeIgniter->run()
CRITICAL - 2024-11-14 09:31:03 --> Array to string conversion
in APPPATH\Views\templates\head.php on line 11.
 1 APPPATH\Views\templates\head.php(11): CodeIgniter\Debug\Exceptions->errorHandler(2, 'Array to string conversion', 'C:\\Users\\gal.attila.peter\\Desktop\\pcparts\\project-root\\app\\Views\\templates\\head.php', 11)
 2 SYSTEMPATH\View\View.php(226): include('C:\\Users\\gal.attila.peter\\Desktop\\pcparts\\project-root\\app\\Views\\templates\\head.php')
 3 SYSTEMPATH\View\View.php(229): CodeIgniter\View\View->CodeIgniter\View\{closure}()
 4 SYSTEMPATH\Common.php(1178): CodeIgniter\View\View->render('templates/head', [], true)
 5 APPPATH\Controllers\Render.php(15): view('templates/head', [...])
 6 SYSTEMPATH\CodeIgniter.php(915): App\Controllers\Render->home()
 7 SYSTEMPATH\CodeIgniter.php(492): CodeIgniter\CodeIgniter->runController(Object(App\Controllers\Render))
 8 SYSTEMPATH\CodeIgniter.php(353): CodeIgniter\CodeIgniter->handleRequest(null, Object(Config\Cache), false)
 9 FCPATH\index.php(79): CodeIgniter\CodeIgniter->run()
CRITICAL - 2024-11-14 09:31:04 --> Array to string conversion
in APPPATH\Views\templates\head.php on line 11.
 1 APPPATH\Views\templates\head.php(11): CodeIgniter\Debug\Exceptions->errorHandler(2, 'Array to string conversion', 'C:\\Users\\gal.attila.peter\\Desktop\\pcparts\\project-root\\app\\Views\\templates\\head.php', 11)
 2 SYSTEMPATH\View\View.php(226): include('C:\\Users\\gal.attila.peter\\Desktop\\pcparts\\project-root\\app\\Views\\templates\\head.php')
 3 SYSTEMPATH\View\View.php(229): CodeIgniter\View\View->CodeIgniter\View\{closure}()
 4 SYSTEMPATH\Common.php(1178): CodeIgniter\View\View->render('templates/head', [], true)
 5 APPPATH\Controllers\Render.php(15): view('templates/head', [...])
 6 SYSTEMPATH\CodeIgniter.php(915): App\Controllers\Render->home()
 7 SYSTEMPATH\CodeIgniter.php(492): CodeIgniter\CodeIgniter->runController(Object(App\Controllers\Render))
 8 SYSTEMPATH\CodeIgniter.php(353): CodeIgniter\CodeIgniter->handleRequest(null, Object(Config\Cache), false)
 9 FCPATH\index.php(79): CodeIgniter\CodeIgniter->run()
CRITICAL - 2024-11-14 09:32:06 --> Undefined variable $file
in APPPATH\Views\templates\head.php on line 11.
 1 APPPATH\Views\templates\head.php(11): CodeIgniter\Debug\Exceptions->errorHandler(2, 'Undefined variable $file', 'C:\\Users\\gal.attila.peter\\Desktop\\pcparts\\project-root\\app\\Views\\templates\\head.php', 11)
 2 SYSTEMPATH\View\View.php(226): include('C:\\Users\\gal.attila.peter\\Desktop\\pcparts\\project-root\\app\\Views\\templates\\head.php')
 3 SYSTEMPATH\View\View.php(229): CodeIgniter\View\View->CodeIgniter\View\{closure}()
 4 SYSTEMPATH\Common.php(1178): CodeIgniter\View\View->render('templates/head', [], true)
 5 APPPATH\Controllers\Render.php(15): view('templates/head', [...])
 6 SYSTEMPATH\CodeIgniter.php(915): App\Controllers\Render->home()
 7 SYSTEMPATH\CodeIgniter.php(492): CodeIgniter\CodeIgniter->runController(Object(App\Controllers\Render))
 8 SYSTEMPATH\CodeIgniter.php(353): CodeIgniter\CodeIgniter->handleRequest(null, Object(Config\Cache), false)
 9 FCPATH\index.php(79): CodeIgniter\CodeIgniter->run()
CRITICAL - 2024-11-14 09:34:59 --> Undefined variable $file
in APPPATH\Views\templates\head.php on line 10.
 1 APPPATH\Views\templates\head.php(10): CodeIgniter\Debug\Exceptions->errorHandler(2, 'Undefined variable $file', 'C:\\Users\\gal.attila.peter\\Desktop\\pcparts\\project-root\\app\\Views\\templates\\head.php', 10)
 2 SYSTEMPATH\View\View.php(226): include('C:\\Users\\gal.attila.peter\\Desktop\\pcparts\\project-root\\app\\Views\\templates\\head.php')
 3 SYSTEMPATH\View\View.php(229): CodeIgniter\View\View->CodeIgniter\View\{closure}()
 4 SYSTEMPATH\Common.php(1178): CodeIgniter\View\View->render('templates/head', [], true)
 5 APPPATH\Controllers\Render.php(15): view('templates/head', [...])
 6 SYSTEMPATH\CodeIgniter.php(915): App\Controllers\Render->home()
 7 SYSTEMPATH\CodeIgniter.php(492): CodeIgniter\CodeIgniter->runController(Object(App\Controllers\Render))
 8 SYSTEMPATH\CodeIgniter.php(353): CodeIgniter\CodeIgniter->handleRequest(null, Object(Config\Cache), false)
 9 FCPATH\index.php(79): CodeIgniter\CodeIgniter->run()
